<?xml version="1.0" encoding="UTF-8"?>
<coverage generated="1692381888687" clover="3.2.0">
  <project timestamp="1692381888687" name="All files">
    <metrics statements="14" coveredstatements="13" conditionals="10" coveredconditionals="6" methods="5" coveredmethods="3" elements="29" coveredelements="22" complexity="0" loc="14" ncloc="14" packages="2" files="2" classes="2"/>
    <package name="src">
      <metrics statements="1" coveredstatements="0" conditionals="0" coveredconditionals="0" methods="2" coveredmethods="0"/>
      <file name="index.tsx" path="C:\Users\rodne\source\battle-tested-components\src\index.tsx">
        <metrics statements="1" coveredstatements="0" conditionals="0" coveredconditionals="0" methods="2" coveredmethods="0"/>
        <line num="1" count="0" type="stmt"/>
      </file>
    </package>
    <package name="src.components.button">
      <metrics statements="13" coveredstatements="13" conditionals="10" coveredconditionals="6" methods="3" coveredmethods="3"/>
      <file name="Button.tsx" path="C:\Users\rodne\source\battle-tested-components\src\components\button\Button.tsx">
        <metrics statements="13" coveredstatements="13" conditionals="10" coveredconditionals="6" methods="3" coveredmethods="3"/>
        <line num="1" count="1" type="stmt"/>
        <line num="2" count="1" type="stmt"/>
        <line num="4" count="1" type="cond" truecount="2" falsecount="0"/>
        <line num="5" count="1" type="stmt"/>
        <line num="6" count="1" type="stmt"/>
        <line num="9" count="1" type="cond" truecount="2" falsecount="0"/>
        <line num="28" count="1" type="stmt"/>
        <line num="29" count="1" type="cond" truecount="1" falsecount="1"/>
        <line num="45" count="1" type="stmt"/>
        <line num="46" count="2" type="stmt"/>
        <line num="47" count="1" type="cond" truecount="1" falsecount="1"/>
        <line num="48" count="1" type="stmt"/>
        <line num="50" count="1" type="stmt"/>
      </file>
    </package>
  </project>
</coverage>
